2023-07-11 13:57:19.925  INFO 16784 --- [restartedMain] com.ldw.LdwApplication                   : Starting LdwApplication using Java 1.8.0_371 on ldwei with PID 16784 (E:\springboot\ldw\target\classes started by HP刘德伟 in E:\springboot\ldw)
2023-07-11 13:57:19.929  INFO 16784 --- [restartedMain] com.ldw.LdwApplication                   : The following 1 profile is active: "dev"
2023-07-11 13:57:20.055  INFO 16784 --- [restartedMain] .e.DevToolsPropertyDefaultsPostProcessor : Devtools property defaults active! Set 'spring.devtools.add-properties' to 'false' to disable
2023-07-11 13:57:20.056  INFO 16784 --- [restartedMain] .e.DevToolsPropertyDefaultsPostProcessor : For additional web related logging consider setting the 'logging.level.web' property to 'DEBUG'
2023-07-11 13:57:22.214  INFO 16784 --- [restartedMain] .s.d.r.c.RepositoryConfigurationDelegate : Multiple Spring Data modules found, entering strict repository configuration mode!
2023-07-11 13:57:22.221  INFO 16784 --- [restartedMain] .s.d.r.c.RepositoryConfigurationDelegate : Bootstrapping Spring Data Redis repositories in DEFAULT mode.
2023-07-11 13:57:22.282  INFO 16784 --- [restartedMain] .s.d.r.c.RepositoryConfigurationDelegate : Finished Spring Data repository scanning in 16 ms. Found 0 Redis repository interfaces.
2023-07-11 13:57:23.879  INFO 16784 --- [restartedMain] o.s.b.w.embedded.tomcat.TomcatWebServer  : Tomcat initialized with port(s): 8282 (http)
2023-07-11 13:57:23.880  INFO 16784 --- [restartedMain] o.a.catalina.core.AprLifecycleListener   : Loaded Apache Tomcat Native library [1.2.35] using APR version [1.7.0].
2023-07-11 13:57:23.881  INFO 16784 --- [restartedMain] o.a.catalina.core.AprLifecycleListener   : APR capabilities: IPv6 [true], sendfile [true], accept filters [false], random [true], UDS [true].
2023-07-11 13:57:23.881  INFO 16784 --- [restartedMain] o.a.catalina.core.AprLifecycleListener   : APR/OpenSSL configuration: useAprConnector [false], useOpenSSL [true]
2023-07-11 13:57:23.886  INFO 16784 --- [restartedMain] o.a.catalina.core.AprLifecycleListener   : OpenSSL successfully initialized [OpenSSL 1.1.1q  5 Jul 2022]
2023-07-11 13:57:23.896  INFO 16784 --- [restartedMain] o.apache.catalina.core.StandardService   : Starting service [Tomcat]
2023-07-11 13:57:23.897  INFO 16784 --- [restartedMain] org.apache.catalina.core.StandardEngine  : Starting Servlet engine: [Apache Tomcat/9.0.63]
2023-07-11 13:57:24.003  INFO 16784 --- [restartedMain] o.a.c.c.C.[Tomcat].[localhost].[/]       : Initializing Spring embedded WebApplicationContext
2023-07-11 13:57:24.003  INFO 16784 --- [restartedMain] w.s.c.ServletWebServerApplicationContext : Root WebApplicationContext: initialization completed in 3946 ms
2023-07-11 13:57:27.248  INFO 16784 --- [restartedMain] o.s.b.d.a.OptionalLiveReloadServer       : LiveReload server is running on port 35729
2023-07-11 13:57:27.493  WARN 16784 --- [restartedMain] o.s.s.c.a.web.builders.WebSecurity       : You are asking Spring Security to ignore Ant [pattern='/goods/**']. This is not recommended -- please use permitAll via HttpSecurity#authorizeHttpRequests instead.
2023-07-11 13:57:27.494  INFO 16784 --- [restartedMain] o.s.s.web.DefaultSecurityFilterChain     : Will not secure Ant [pattern='/goods/**']
2023-07-11 13:57:27.494  WARN 16784 --- [restartedMain] o.s.s.c.a.web.builders.WebSecurity       : You are asking Spring Security to ignore Ant [pattern='/goodsimg/**']. This is not recommended -- please use permitAll via HttpSecurity#authorizeHttpRequests instead.
2023-07-11 13:57:27.494  INFO 16784 --- [restartedMain] o.s.s.web.DefaultSecurityFilterChain     : Will not secure Ant [pattern='/goodsimg/**']
2023-07-11 13:57:27.494  WARN 16784 --- [restartedMain] o.s.s.c.a.web.builders.WebSecurity       : You are asking Spring Security to ignore Ant [pattern='/doc.html']. This is not recommended -- please use permitAll via HttpSecurity#authorizeHttpRequests instead.
2023-07-11 13:57:27.494  INFO 16784 --- [restartedMain] o.s.s.web.DefaultSecurityFilterChain     : Will not secure Ant [pattern='/doc.html']
2023-07-11 13:57:27.494  WARN 16784 --- [restartedMain] o.s.s.c.a.web.builders.WebSecurity       : You are asking Spring Security to ignore Ant [pattern='/doc.html/**']. This is not recommended -- please use permitAll via HttpSecurity#authorizeHttpRequests instead.
2023-07-11 13:57:27.495  INFO 16784 --- [restartedMain] o.s.s.web.DefaultSecurityFilterChain     : Will not secure Ant [pattern='/doc.html/**']
2023-07-11 13:57:27.495  WARN 16784 --- [restartedMain] o.s.s.c.a.web.builders.WebSecurity       : You are asking Spring Security to ignore Ant [pattern='/webjars/**']. This is not recommended -- please use permitAll via HttpSecurity#authorizeHttpRequests instead.
2023-07-11 13:57:27.495  INFO 16784 --- [restartedMain] o.s.s.web.DefaultSecurityFilterChain     : Will not secure Ant [pattern='/webjars/**']
2023-07-11 13:57:27.495  WARN 16784 --- [restartedMain] o.s.s.c.a.web.builders.WebSecurity       : You are asking Spring Security to ignore Ant [pattern='/v2/**']. This is not recommended -- please use permitAll via HttpSecurity#authorizeHttpRequests instead.
2023-07-11 13:57:27.495  INFO 16784 --- [restartedMain] o.s.s.web.DefaultSecurityFilterChain     : Will not secure Ant [pattern='/v2/**']
2023-07-11 13:57:27.495  WARN 16784 --- [restartedMain] o.s.s.c.a.web.builders.WebSecurity       : You are asking Spring Security to ignore Ant [pattern='/v3/**']. This is not recommended -- please use permitAll via HttpSecurity#authorizeHttpRequests instead.
2023-07-11 13:57:27.495  INFO 16784 --- [restartedMain] o.s.s.web.DefaultSecurityFilterChain     : Will not secure Ant [pattern='/v3/**']
2023-07-11 13:57:27.495  WARN 16784 --- [restartedMain] o.s.s.c.a.web.builders.WebSecurity       : You are asking Spring Security to ignore Ant [pattern='/swagger-ui.html']. This is not recommended -- please use permitAll via HttpSecurity#authorizeHttpRequests instead.
2023-07-11 13:57:27.495  INFO 16784 --- [restartedMain] o.s.s.web.DefaultSecurityFilterChain     : Will not secure Ant [pattern='/swagger-ui.html']
2023-07-11 13:57:27.495  WARN 16784 --- [restartedMain] o.s.s.c.a.web.builders.WebSecurity       : You are asking Spring Security to ignore Ant [pattern='/swagger-resources']. This is not recommended -- please use permitAll via HttpSecurity#authorizeHttpRequests instead.
2023-07-11 13:57:27.495  INFO 16784 --- [restartedMain] o.s.s.web.DefaultSecurityFilterChain     : Will not secure Ant [pattern='/swagger-resources']
2023-07-11 13:57:27.495  WARN 16784 --- [restartedMain] o.s.s.c.a.web.builders.WebSecurity       : You are asking Spring Security to ignore Ant [pattern='/swagger-resources/**']. This is not recommended -- please use permitAll via HttpSecurity#authorizeHttpRequests instead.
2023-07-11 13:57:27.495  INFO 16784 --- [restartedMain] o.s.s.web.DefaultSecurityFilterChain     : Will not secure Ant [pattern='/swagger-resources/**']
2023-07-11 13:57:27.495  WARN 16784 --- [restartedMain] o.s.s.c.a.web.builders.WebSecurity       : You are asking Spring Security to ignore Ant [pattern='/swagger-ui.html/**']. This is not recommended -- please use permitAll via HttpSecurity#authorizeHttpRequests instead.
2023-07-11 13:57:27.495  INFO 16784 --- [restartedMain] o.s.s.web.DefaultSecurityFilterChain     : Will not secure Ant [pattern='/swagger-ui.html/**']
2023-07-11 13:57:27.495  WARN 16784 --- [restartedMain] o.s.s.c.a.web.builders.WebSecurity       : You are asking Spring Security to ignore Ant [pattern='/uploads']. This is not recommended -- please use permitAll via HttpSecurity#authorizeHttpRequests instead.
2023-07-11 13:57:27.495  INFO 16784 --- [restartedMain] o.s.s.web.DefaultSecurityFilterChain     : Will not secure Ant [pattern='/uploads']
2023-07-11 13:57:27.495  WARN 16784 --- [restartedMain] o.s.s.c.a.web.builders.WebSecurity       : You are asking Spring Security to ignore Ant [pattern='/views']. This is not recommended -- please use permitAll via HttpSecurity#authorizeHttpRequests instead.
2023-07-11 13:57:27.496  INFO 16784 --- [restartedMain] o.s.s.web.DefaultSecurityFilterChain     : Will not secure Ant [pattern='/views']
2023-07-11 13:57:27.496  WARN 16784 --- [restartedMain] o.s.s.c.a.web.builders.WebSecurity       : You are asking Spring Security to ignore Ant [pattern='/image/**']. This is not recommended -- please use permitAll via HttpSecurity#authorizeHttpRequests instead.
2023-07-11 13:57:27.496  INFO 16784 --- [restartedMain] o.s.s.web.DefaultSecurityFilterChain     : Will not secure Ant [pattern='/image/**']
2023-07-11 13:57:27.543  INFO 16784 --- [restartedMain] o.s.s.web.DefaultSecurityFilterChain     : Will secure any request with [org.springframework.security.web.session.DisableEncodeUrlFilter@4019efe, org.springframework.security.web.context.request.async.WebAsyncManagerIntegrationFilter@5833293c, org.springframework.security.web.context.SecurityContextPersistenceFilter@3e014cc, org.springframework.security.web.header.HeaderWriterFilter@70a93679, org.springframework.web.filter.CorsFilter@d22c156, org.springframework.security.web.authentication.logout.LogoutFilter@3ce2ec8f, com.ldw.filter.TokenLoginFilter@5a439c8b, com.ldw.filter.TokenVerifyFilter@523d0f53, org.springframework.security.web.savedrequest.RequestCacheAwareFilter@9e12096, org.springframework.security.web.servletapi.SecurityContextHolderAwareRequestFilter@3f9a6094, org.springframework.security.web.authentication.AnonymousAuthenticationFilter@1306a6e1, org.springframework.security.web.session.SessionManagementFilter@7214b1d3, org.springframework.security.web.access.ExceptionTranslationFilter@70a86a7a, org.springframework.security.web.access.intercept.FilterSecurityInterceptor@3edda293]
2023-07-11 13:57:27.630  INFO 16784 --- [restartedMain] pertySourcedRequestMappingHandlerMapping : Mapped URL path [/v2/api-docs] onto method [springfox.documentation.swagger2.web.Swagger2Controller#getDocumentation(String, HttpServletRequest)]
2023-07-11 13:57:28.056  INFO 16784 --- [restartedMain] o.s.b.w.embedded.tomcat.TomcatWebServer  : Tomcat started on port(s): 8282 (http) with context path ''
2023-07-11 13:57:28.057  INFO 16784 --- [restartedMain] d.s.w.p.DocumentationPluginsBootstrapper : Context refreshed
2023-07-11 13:57:28.146  INFO 16784 --- [restartedMain] d.s.w.p.DocumentationPluginsBootstrapper : Found 1 custom documentation plugin(s)
2023-07-11 13:57:28.188  INFO 16784 --- [restartedMain] s.d.s.w.s.ApiListingReferenceScanner     : Scanning for api listing references
2023-07-11 13:57:28.308  INFO 16784 --- [restartedMain] .d.s.w.r.o.CachingOperationNameGenerator : Generating unique operation named: deleteUsingPOST_1
2023-07-11 13:57:28.312  INFO 16784 --- [restartedMain] .d.s.w.r.o.CachingOperationNameGenerator : Generating unique operation named: findPageUsingPOST_1
2023-07-11 13:57:28.322  INFO 16784 --- [restartedMain] .d.s.w.r.o.CachingOperationNameGenerator : Generating unique operation named: saveUsingPOST_1
2023-07-11 13:57:28.329  INFO 16784 --- [restartedMain] .d.s.w.r.o.CachingOperationNameGenerator : Generating unique operation named: deleteUsingPOST_2
2023-07-11 13:57:28.332  INFO 16784 --- [restartedMain] .d.s.w.r.o.CachingOperationNameGenerator : Generating unique operation named: findPageUsingPOST_2
2023-07-11 13:57:28.334  INFO 16784 --- [restartedMain] .d.s.w.r.o.CachingOperationNameGenerator : Generating unique operation named: saveUsingPOST_2
2023-07-11 13:57:28.337  INFO 16784 --- [restartedMain] .d.s.w.r.o.CachingOperationNameGenerator : Generating unique operation named: deleteUsingPOST_3
2023-07-11 13:57:28.339  INFO 16784 --- [restartedMain] .d.s.w.r.o.CachingOperationNameGenerator : Generating unique operation named: findPageUsingPOST_3
2023-07-11 13:57:28.341  INFO 16784 --- [restartedMain] .d.s.w.r.o.CachingOperationNameGenerator : Generating unique operation named: saveUsingPOST_3
2023-07-11 13:57:28.342  INFO 16784 --- [restartedMain] .d.s.w.r.o.CachingOperationNameGenerator : Generating unique operation named: deleteUsingPOST_4
2023-07-11 13:57:28.345  INFO 16784 --- [restartedMain] .d.s.w.r.o.CachingOperationNameGenerator : Generating unique operation named: findPageUsingPOST_4
2023-07-11 13:57:28.350  INFO 16784 --- [restartedMain] .d.s.w.r.o.CachingOperationNameGenerator : Generating unique operation named: saveUsingPOST_4
2023-07-11 13:57:28.379  INFO 16784 --- [restartedMain] com.ldw.LdwApplication                   : Started LdwApplication in 9.238 seconds (JVM running for 15.706)
2023-07-11 14:00:07.950  INFO 7560 --- [restartedMain] com.ldw.LdwApplication                   : Starting LdwApplication using Java 1.8.0_371 on ldwei with PID 7560 (E:\springboot\ldw\target\classes started by HP刘德伟 in E:\springboot\ldw)
2023-07-11 14:00:07.951  INFO 7560 --- [restartedMain] com.ldw.LdwApplication                   : The following 1 profile is active: "dev"
2023-07-11 14:00:07.992  INFO 7560 --- [restartedMain] .e.DevToolsPropertyDefaultsPostProcessor : Devtools property defaults active! Set 'spring.devtools.add-properties' to 'false' to disable
2023-07-11 14:00:07.992  INFO 7560 --- [restartedMain] .e.DevToolsPropertyDefaultsPostProcessor : For additional web related logging consider setting the 'logging.level.web' property to 'DEBUG'
2023-07-11 14:00:08.775  INFO 7560 --- [restartedMain] .s.d.r.c.RepositoryConfigurationDelegate : Multiple Spring Data modules found, entering strict repository configuration mode!
2023-07-11 14:00:08.777  INFO 7560 --- [restartedMain] .s.d.r.c.RepositoryConfigurationDelegate : Bootstrapping Spring Data Redis repositories in DEFAULT mode.
2023-07-11 14:00:08.799  INFO 7560 --- [restartedMain] .s.d.r.c.RepositoryConfigurationDelegate : Finished Spring Data repository scanning in 11 ms. Found 0 Redis repository interfaces.
2023-07-11 14:00:09.457  INFO 7560 --- [restartedMain] o.s.b.w.embedded.tomcat.TomcatWebServer  : Tomcat initialized with port(s): 8282 (http)
2023-07-11 14:00:09.459  INFO 7560 --- [restartedMain] o.a.catalina.core.AprLifecycleListener   : Loaded Apache Tomcat Native library [1.2.35] using APR version [1.7.0].
2023-07-11 14:00:09.459  INFO 7560 --- [restartedMain] o.a.catalina.core.AprLifecycleListener   : APR capabilities: IPv6 [true], sendfile [true], accept filters [false], random [true], UDS [true].
2023-07-11 14:00:09.459  INFO 7560 --- [restartedMain] o.a.catalina.core.AprLifecycleListener   : APR/OpenSSL configuration: useAprConnector [false], useOpenSSL [true]
2023-07-11 14:00:09.462  INFO 7560 --- [restartedMain] o.a.catalina.core.AprLifecycleListener   : OpenSSL successfully initialized [OpenSSL 1.1.1q  5 Jul 2022]
2023-07-11 14:00:09.468  INFO 7560 --- [restartedMain] o.apache.catalina.core.StandardService   : Starting service [Tomcat]
2023-07-11 14:00:09.468  INFO 7560 --- [restartedMain] org.apache.catalina.core.StandardEngine  : Starting Servlet engine: [Apache Tomcat/9.0.63]
2023-07-11 14:00:09.534  INFO 7560 --- [restartedMain] o.a.c.c.C.[Tomcat].[localhost].[/]       : Initializing Spring embedded WebApplicationContext
2023-07-11 14:00:09.535  INFO 7560 --- [restartedMain] w.s.c.ServletWebServerApplicationContext : Root WebApplicationContext: initialization completed in 1542 ms
2023-07-11 14:00:11.190  INFO 7560 --- [restartedMain] o.s.b.d.a.OptionalLiveReloadServer       : LiveReload server is running on port 35729
2023-07-11 14:00:11.295  WARN 7560 --- [restartedMain] o.s.s.c.a.web.builders.WebSecurity       : You are asking Spring Security to ignore Ant [pattern='/goods/**']. This is not recommended -- please use permitAll via HttpSecurity#authorizeHttpRequests instead.
2023-07-11 14:00:11.296  INFO 7560 --- [restartedMain] o.s.s.web.DefaultSecurityFilterChain     : Will not secure Ant [pattern='/goods/**']
2023-07-11 14:00:11.296  WARN 7560 --- [restartedMain] o.s.s.c.a.web.builders.WebSecurity       : You are asking Spring Security to ignore Ant [pattern='/goodsimg/**']. This is not recommended -- please use permitAll via HttpSecurity#authorizeHttpRequests instead.
2023-07-11 14:00:11.296  INFO 7560 --- [restartedMain] o.s.s.web.DefaultSecurityFilterChain     : Will not secure Ant [pattern='/goodsimg/**']
2023-07-11 14:00:11.296  WARN 7560 --- [restartedMain] o.s.s.c.a.web.builders.WebSecurity       : You are asking Spring Security to ignore Ant [pattern='/doc.html']. This is not recommended -- please use permitAll via HttpSecurity#authorizeHttpRequests instead.
2023-07-11 14:00:11.296  INFO 7560 --- [restartedMain] o.s.s.web.DefaultSecurityFilterChain     : Will not secure Ant [pattern='/doc.html']
2023-07-11 14:00:11.296  WARN 7560 --- [restartedMain] o.s.s.c.a.web.builders.WebSecurity       : You are asking Spring Security to ignore Ant [pattern='/doc.html/**']. This is not recommended -- please use permitAll via HttpSecurity#authorizeHttpRequests instead.
2023-07-11 14:00:11.296  INFO 7560 --- [restartedMain] o.s.s.web.DefaultSecurityFilterChain     : Will not secure Ant [pattern='/doc.html/**']
2023-07-11 14:00:11.296  WARN 7560 --- [restartedMain] o.s.s.c.a.web.builders.WebSecurity       : You are asking Spring Security to ignore Ant [pattern='/webjars/**']. This is not recommended -- please use permitAll via HttpSecurity#authorizeHttpRequests instead.
2023-07-11 14:00:11.297  INFO 7560 --- [restartedMain] o.s.s.web.DefaultSecurityFilterChain     : Will not secure Ant [pattern='/webjars/**']
2023-07-11 14:00:11.297  WARN 7560 --- [restartedMain] o.s.s.c.a.web.builders.WebSecurity       : You are asking Spring Security to ignore Ant [pattern='/v2/**']. This is not recommended -- please use permitAll via HttpSecurity#authorizeHttpRequests instead.
2023-07-11 14:00:11.297  INFO 7560 --- [restartedMain] o.s.s.web.DefaultSecurityFilterChain     : Will not secure Ant [pattern='/v2/**']
2023-07-11 14:00:11.297  WARN 7560 --- [restartedMain] o.s.s.c.a.web.builders.WebSecurity       : You are asking Spring Security to ignore Ant [pattern='/v3/**']. This is not recommended -- please use permitAll via HttpSecurity#authorizeHttpRequests instead.
2023-07-11 14:00:11.297  INFO 7560 --- [restartedMain] o.s.s.web.DefaultSecurityFilterChain     : Will not secure Ant [pattern='/v3/**']
2023-07-11 14:00:11.297  WARN 7560 --- [restartedMain] o.s.s.c.a.web.builders.WebSecurity       : You are asking Spring Security to ignore Ant [pattern='/swagger-ui.html']. This is not recommended -- please use permitAll via HttpSecurity#authorizeHttpRequests instead.
2023-07-11 14:00:11.297  INFO 7560 --- [restartedMain] o.s.s.web.DefaultSecurityFilterChain     : Will not secure Ant [pattern='/swagger-ui.html']
2023-07-11 14:00:11.297  WARN 7560 --- [restartedMain] o.s.s.c.a.web.builders.WebSecurity       : You are asking Spring Security to ignore Ant [pattern='/swagger-resources']. This is not recommended -- please use permitAll via HttpSecurity#authorizeHttpRequests instead.
2023-07-11 14:00:11.297  INFO 7560 --- [restartedMain] o.s.s.web.DefaultSecurityFilterChain     : Will not secure Ant [pattern='/swagger-resources']
2023-07-11 14:00:11.297  WARN 7560 --- [restartedMain] o.s.s.c.a.web.builders.WebSecurity       : You are asking Spring Security to ignore Ant [pattern='/swagger-resources/**']. This is not recommended -- please use permitAll via HttpSecurity#authorizeHttpRequests instead.
2023-07-11 14:00:11.297  INFO 7560 --- [restartedMain] o.s.s.web.DefaultSecurityFilterChain     : Will not secure Ant [pattern='/swagger-resources/**']
2023-07-11 14:00:11.297  WARN 7560 --- [restartedMain] o.s.s.c.a.web.builders.WebSecurity       : You are asking Spring Security to ignore Ant [pattern='/swagger-ui.html/**']. This is not recommended -- please use permitAll via HttpSecurity#authorizeHttpRequests instead.
2023-07-11 14:00:11.297  INFO 7560 --- [restartedMain] o.s.s.web.DefaultSecurityFilterChain     : Will not secure Ant [pattern='/swagger-ui.html/**']
2023-07-11 14:00:11.297  WARN 7560 --- [restartedMain] o.s.s.c.a.web.builders.WebSecurity       : You are asking Spring Security to ignore Ant [pattern='/uploads']. This is not recommended -- please use permitAll via HttpSecurity#authorizeHttpRequests instead.
2023-07-11 14:00:11.297  INFO 7560 --- [restartedMain] o.s.s.web.DefaultSecurityFilterChain     : Will not secure Ant [pattern='/uploads']
2023-07-11 14:00:11.297  WARN 7560 --- [restartedMain] o.s.s.c.a.web.builders.WebSecurity       : You are asking Spring Security to ignore Ant [pattern='/views']. This is not recommended -- please use permitAll via HttpSecurity#authorizeHttpRequests instead.
2023-07-11 14:00:11.297  INFO 7560 --- [restartedMain] o.s.s.web.DefaultSecurityFilterChain     : Will not secure Ant [pattern='/views']
2023-07-11 14:00:11.297  WARN 7560 --- [restartedMain] o.s.s.c.a.web.builders.WebSecurity       : You are asking Spring Security to ignore Ant [pattern='/image/**']. This is not recommended -- please use permitAll via HttpSecurity#authorizeHttpRequests instead.
2023-07-11 14:00:11.297  INFO 7560 --- [restartedMain] o.s.s.web.DefaultSecurityFilterChain     : Will not secure Ant [pattern='/image/**']
2023-07-11 14:00:11.326  INFO 7560 --- [restartedMain] o.s.s.web.DefaultSecurityFilterChain     : Will secure any request with [org.springframework.security.web.session.DisableEncodeUrlFilter@33dd5115, org.springframework.security.web.context.request.async.WebAsyncManagerIntegrationFilter@4d25896b, org.springframework.security.web.context.SecurityContextPersistenceFilter@5498a25b, org.springframework.security.web.header.HeaderWriterFilter@1e792f3, org.springframework.web.filter.CorsFilter@6440570b, org.springframework.security.web.authentication.logout.LogoutFilter@76c7aaa6, com.ldw.filter.TokenLoginFilter@7a3e904d, com.ldw.filter.TokenVerifyFilter@23b233e6, org.springframework.security.web.savedrequest.RequestCacheAwareFilter@17b22ed3, org.springframework.security.web.servletapi.SecurityContextHolderAwareRequestFilter@3cb51c40, org.springframework.security.web.authentication.AnonymousAuthenticationFilter@423d982a, org.springframework.security.web.session.SessionManagementFilter@133a4eab, org.springframework.security.web.access.ExceptionTranslationFilter@c8a3a6, org.springframework.security.web.access.intercept.FilterSecurityInterceptor@d404115]
2023-07-11 14:00:11.347  INFO 7560 --- [restartedMain] pertySourcedRequestMappingHandlerMapping : Mapped URL path [/v2/api-docs] onto method [springfox.documentation.swagger2.web.Swagger2Controller#getDocumentation(String, HttpServletRequest)]
2023-07-11 14:00:11.617  INFO 7560 --- [restartedMain] o.s.b.w.embedded.tomcat.TomcatWebServer  : Tomcat started on port(s): 8282 (http) with context path ''
2023-07-11 14:00:11.617  INFO 7560 --- [restartedMain] d.s.w.p.DocumentationPluginsBootstrapper : Context refreshed
2023-07-11 14:00:11.633  INFO 7560 --- [restartedMain] d.s.w.p.DocumentationPluginsBootstrapper : Found 1 custom documentation plugin(s)
2023-07-11 14:00:11.663  INFO 7560 --- [restartedMain] s.d.s.w.s.ApiListingReferenceScanner     : Scanning for api listing references
2023-07-11 14:00:11.768  INFO 7560 --- [restartedMain] .d.s.w.r.o.CachingOperationNameGenerator : Generating unique operation named: deleteUsingPOST_1
2023-07-11 14:00:11.771  INFO 7560 --- [restartedMain] .d.s.w.r.o.CachingOperationNameGenerator : Generating unique operation named: findPageUsingPOST_1
2023-07-11 14:00:11.778  INFO 7560 --- [restartedMain] .d.s.w.r.o.CachingOperationNameGenerator : Generating unique operation named: saveUsingPOST_1
2023-07-11 14:00:11.783  INFO 7560 --- [restartedMain] .d.s.w.r.o.CachingOperationNameGenerator : Generating unique operation named: deleteUsingPOST_2
2023-07-11 14:00:11.785  INFO 7560 --- [restartedMain] .d.s.w.r.o.CachingOperationNameGenerator : Generating unique operation named: findPageUsingPOST_2
2023-07-11 14:00:11.786  INFO 7560 --- [restartedMain] .d.s.w.r.o.CachingOperationNameGenerator : Generating unique operation named: saveUsingPOST_2
2023-07-11 14:00:11.788  INFO 7560 --- [restartedMain] .d.s.w.r.o.CachingOperationNameGenerator : Generating unique operation named: deleteUsingPOST_3
2023-07-11 14:00:11.790  INFO 7560 --- [restartedMain] .d.s.w.r.o.CachingOperationNameGenerator : Generating unique operation named: findPageUsingPOST_3
2023-07-11 14:00:11.792  INFO 7560 --- [restartedMain] .d.s.w.r.o.CachingOperationNameGenerator : Generating unique operation named: saveUsingPOST_3
2023-07-11 14:00:11.794  INFO 7560 --- [restartedMain] .d.s.w.r.o.CachingOperationNameGenerator : Generating unique operation named: deleteUsingPOST_4
2023-07-11 14:00:11.795  INFO 7560 --- [restartedMain] .d.s.w.r.o.CachingOperationNameGenerator : Generating unique operation named: findPageUsingPOST_4
2023-07-11 14:00:11.800  INFO 7560 --- [restartedMain] .d.s.w.r.o.CachingOperationNameGenerator : Generating unique operation named: saveUsingPOST_4
2023-07-11 14:00:11.820  INFO 7560 --- [restartedMain] com.ldw.LdwApplication                   : Started LdwApplication in 4.3 seconds (JVM running for 5.41)
2023-07-11 14:00:46.680  INFO 16068 --- [restartedMain] com.ldw.LdwApplication                   : Starting LdwApplication using Java 1.8.0_371 on ldwei with PID 16068 (E:\springboot\ldw\target\classes started by HP刘德伟 in E:\springboot\ldw)
2023-07-11 14:00:46.681  INFO 16068 --- [restartedMain] com.ldw.LdwApplication                   : The following 1 profile is active: "dev"
2023-07-11 14:00:46.732  INFO 16068 --- [restartedMain] .e.DevToolsPropertyDefaultsPostProcessor : Devtools property defaults active! Set 'spring.devtools.add-properties' to 'false' to disable
2023-07-11 14:00:46.732  INFO 16068 --- [restartedMain] .e.DevToolsPropertyDefaultsPostProcessor : For additional web related logging consider setting the 'logging.level.web' property to 'DEBUG'
2023-07-11 14:00:47.499  INFO 16068 --- [restartedMain] .s.d.r.c.RepositoryConfigurationDelegate : Multiple Spring Data modules found, entering strict repository configuration mode!
2023-07-11 14:00:47.500  INFO 16068 --- [restartedMain] .s.d.r.c.RepositoryConfigurationDelegate : Bootstrapping Spring Data Redis repositories in DEFAULT mode.
2023-07-11 14:00:47.522  INFO 16068 --- [restartedMain] .s.d.r.c.RepositoryConfigurationDelegate : Finished Spring Data repository scanning in 11 ms. Found 0 Redis repository interfaces.
2023-07-11 14:00:48.180  INFO 16068 --- [restartedMain] o.s.b.w.embedded.tomcat.TomcatWebServer  : Tomcat initialized with port(s): 8282 (http)
2023-07-11 14:00:48.181  INFO 16068 --- [restartedMain] o.a.catalina.core.AprLifecycleListener   : Loaded Apache Tomcat Native library [1.2.35] using APR version [1.7.0].
2023-07-11 14:00:48.181  INFO 16068 --- [restartedMain] o.a.catalina.core.AprLifecycleListener   : APR capabilities: IPv6 [true], sendfile [true], accept filters [false], random [true], UDS [true].
2023-07-11 14:00:48.181  INFO 16068 --- [restartedMain] o.a.catalina.core.AprLifecycleListener   : APR/OpenSSL configuration: useAprConnector [false], useOpenSSL [true]
2023-07-11 14:00:48.184  INFO 16068 --- [restartedMain] o.a.catalina.core.AprLifecycleListener   : OpenSSL successfully initialized [OpenSSL 1.1.1q  5 Jul 2022]
2023-07-11 14:00:48.191  INFO 16068 --- [restartedMain] o.apache.catalina.core.StandardService   : Starting service [Tomcat]
2023-07-11 14:00:48.192  INFO 16068 --- [restartedMain] org.apache.catalina.core.StandardEngine  : Starting Servlet engine: [Apache Tomcat/9.0.63]
2023-07-11 14:00:48.257  INFO 16068 --- [restartedMain] o.a.c.c.C.[Tomcat].[localhost].[/]       : Initializing Spring embedded WebApplicationContext
2023-07-11 14:00:48.257  INFO 16068 --- [restartedMain] w.s.c.ServletWebServerApplicationContext : Root WebApplicationContext: initialization completed in 1524 ms
2023-07-11 14:00:49.999  INFO 16068 --- [restartedMain] o.s.b.d.a.OptionalLiveReloadServer       : LiveReload server is running on port 35729
2023-07-11 14:00:50.114  WARN 16068 --- [restartedMain] o.s.s.c.a.web.builders.WebSecurity       : You are asking Spring Security to ignore Ant [pattern='/goods/**']. This is not recommended -- please use permitAll via HttpSecurity#authorizeHttpRequests instead.
2023-07-11 14:00:50.114  INFO 16068 --- [restartedMain] o.s.s.web.DefaultSecurityFilterChain     : Will not secure Ant [pattern='/goods/**']
2023-07-11 14:00:50.115  WARN 16068 --- [restartedMain] o.s.s.c.a.web.builders.WebSecurity       : You are asking Spring Security to ignore Ant [pattern='/goodsimg/**']. This is not recommended -- please use permitAll via HttpSecurity#authorizeHttpRequests instead.
2023-07-11 14:00:50.115  INFO 16068 --- [restartedMain] o.s.s.web.DefaultSecurityFilterChain     : Will not secure Ant [pattern='/goodsimg/**']
2023-07-11 14:00:50.115  WARN 16068 --- [restartedMain] o.s.s.c.a.web.builders.WebSecurity       : You are asking Spring Security to ignore Ant [pattern='/doc.html']. This is not recommended -- please use permitAll via HttpSecurity#authorizeHttpRequests instead.
2023-07-11 14:00:50.115  INFO 16068 --- [restartedMain] o.s.s.web.DefaultSecurityFilterChain     : Will not secure Ant [pattern='/doc.html']
2023-07-11 14:00:50.115  WARN 16068 --- [restartedMain] o.s.s.c.a.web.builders.WebSecurity       : You are asking Spring Security to ignore Ant [pattern='/doc.html/**']. This is not recommended -- please use permitAll via HttpSecurity#authorizeHttpRequests instead.
2023-07-11 14:00:50.115  INFO 16068 --- [restartedMain] o.s.s.web.DefaultSecurityFilterChain     : Will not secure Ant [pattern='/doc.html/**']
2023-07-11 14:00:50.115  WARN 16068 --- [restartedMain] o.s.s.c.a.web.builders.WebSecurity       : You are asking Spring Security to ignore Ant [pattern='/webjars/**']. This is not recommended -- please use permitAll via HttpSecurity#authorizeHttpRequests instead.
2023-07-11 14:00:50.115  INFO 16068 --- [restartedMain] o.s.s.web.DefaultSecurityFilterChain     : Will not secure Ant [pattern='/webjars/**']
2023-07-11 14:00:50.115  WARN 16068 --- [restartedMain] o.s.s.c.a.web.builders.WebSecurity       : You are asking Spring Security to ignore Ant [pattern='/v2/**']. This is not recommended -- please use permitAll via HttpSecurity#authorizeHttpRequests instead.
2023-07-11 14:00:50.115  INFO 16068 --- [restartedMain] o.s.s.web.DefaultSecurityFilterChain     : Will not secure Ant [pattern='/v2/**']
2023-07-11 14:00:50.115  WARN 16068 --- [restartedMain] o.s.s.c.a.web.builders.WebSecurity       : You are asking Spring Security to ignore Ant [pattern='/v3/**']. This is not recommended -- please use permitAll via HttpSecurity#authorizeHttpRequests instead.
2023-07-11 14:00:50.116  INFO 16068 --- [restartedMain] o.s.s.web.DefaultSecurityFilterChain     : Will not secure Ant [pattern='/v3/**']
2023-07-11 14:00:50.116  WARN 16068 --- [restartedMain] o.s.s.c.a.web.builders.WebSecurity       : You are asking Spring Security to ignore Ant [pattern='/swagger-ui.html']. This is not recommended -- please use permitAll via HttpSecurity#authorizeHttpRequests instead.
2023-07-11 14:00:50.116  INFO 16068 --- [restartedMain] o.s.s.web.DefaultSecurityFilterChain     : Will not secure Ant [pattern='/swagger-ui.html']
2023-07-11 14:00:50.116  WARN 16068 --- [restartedMain] o.s.s.c.a.web.builders.WebSecurity       : You are asking Spring Security to ignore Ant [pattern='/swagger-resources']. This is not recommended -- please use permitAll via HttpSecurity#authorizeHttpRequests instead.
2023-07-11 14:00:50.116  INFO 16068 --- [restartedMain] o.s.s.web.DefaultSecurityFilterChain     : Will not secure Ant [pattern='/swagger-resources']
2023-07-11 14:00:50.116  WARN 16068 --- [restartedMain] o.s.s.c.a.web.builders.WebSecurity       : You are asking Spring Security to ignore Ant [pattern='/swagger-resources/**']. This is not recommended -- please use permitAll via HttpSecurity#authorizeHttpRequests instead.
2023-07-11 14:00:50.116  INFO 16068 --- [restartedMain] o.s.s.web.DefaultSecurityFilterChain     : Will not secure Ant [pattern='/swagger-resources/**']
2023-07-11 14:00:50.116  WARN 16068 --- [restartedMain] o.s.s.c.a.web.builders.WebSecurity       : You are asking Spring Security to ignore Ant [pattern='/swagger-ui.html/**']. This is not recommended -- please use permitAll via HttpSecurity#authorizeHttpRequests instead.
2023-07-11 14:00:50.116  INFO 16068 --- [restartedMain] o.s.s.web.DefaultSecurityFilterChain     : Will not secure Ant [pattern='/swagger-ui.html/**']
2023-07-11 14:00:50.116  WARN 16068 --- [restartedMain] o.s.s.c.a.web.builders.WebSecurity       : You are asking Spring Security to ignore Ant [pattern='/uploads']. This is not recommended -- please use permitAll via HttpSecurity#authorizeHttpRequests instead.
2023-07-11 14:00:50.116  INFO 16068 --- [restartedMain] o.s.s.web.DefaultSecurityFilterChain     : Will not secure Ant [pattern='/uploads']
2023-07-11 14:00:50.116  WARN 16068 --- [restartedMain] o.s.s.c.a.web.builders.WebSecurity       : You are asking Spring Security to ignore Ant [pattern='/views']. This is not recommended -- please use permitAll via HttpSecurity#authorizeHttpRequests instead.
2023-07-11 14:00:50.116  INFO 16068 --- [restartedMain] o.s.s.web.DefaultSecurityFilterChain     : Will not secure Ant [pattern='/views']
2023-07-11 14:00:50.116  WARN 16068 --- [restartedMain] o.s.s.c.a.web.builders.WebSecurity       : You are asking Spring Security to ignore Ant [pattern='/image/**']. This is not recommended -- please use permitAll via HttpSecurity#authorizeHttpRequests instead.
2023-07-11 14:00:50.116  INFO 16068 --- [restartedMain] o.s.s.web.DefaultSecurityFilterChain     : Will not secure Ant [pattern='/image/**']
2023-07-11 14:00:50.146  INFO 16068 --- [restartedMain] o.s.s.web.DefaultSecurityFilterChain     : Will secure any request with [org.springframework.security.web.session.DisableEncodeUrlFilter@290bd2c2, org.springframework.security.web.context.request.async.WebAsyncManagerIntegrationFilter@41d2b703, org.springframework.security.web.context.SecurityContextPersistenceFilter@236be71, org.springframework.security.web.header.HeaderWriterFilter@3de1b01e, org.springframework.web.filter.CorsFilter@101b48d0, org.springframework.security.web.authentication.logout.LogoutFilter@26d748e0, com.ldw.filter.TokenLoginFilter@1e8671a5, com.ldw.filter.TokenVerifyFilter@69ec2d75, org.springframework.security.web.savedrequest.RequestCacheAwareFilter@484b9c3b, org.springframework.security.web.servletapi.SecurityContextHolderAwareRequestFilter@389b8e1a, org.springframework.security.web.authentication.AnonymousAuthenticationFilter@3d52f5e4, org.springframework.security.web.session.SessionManagementFilter@3b35f9d7, org.springframework.security.web.access.ExceptionTranslationFilter@3f3922dd, org.springframework.security.web.access.intercept.FilterSecurityInterceptor@6ed2d06a]
2023-07-11 14:00:50.170  INFO 16068 --- [restartedMain] pertySourcedRequestMappingHandlerMapping : Mapped URL path [/v2/api-docs] onto method [springfox.documentation.swagger2.web.Swagger2Controller#getDocumentation(String, HttpServletRequest)]
2023-07-11 14:00:50.452  INFO 16068 --- [restartedMain] o.s.b.w.embedded.tomcat.TomcatWebServer  : Tomcat started on port(s): 8282 (http) with context path ''
2023-07-11 14:00:50.452  INFO 16068 --- [restartedMain] d.s.w.p.DocumentationPluginsBootstrapper : Context refreshed
2023-07-11 14:00:50.468  INFO 16068 --- [restartedMain] d.s.w.p.DocumentationPluginsBootstrapper : Found 1 custom documentation plugin(s)
2023-07-11 14:00:50.498  INFO 16068 --- [restartedMain] s.d.s.w.s.ApiListingReferenceScanner     : Scanning for api listing references
2023-07-11 14:00:50.606  INFO 16068 --- [restartedMain] .d.s.w.r.o.CachingOperationNameGenerator : Generating unique operation named: deleteUsingPOST_1
2023-07-11 14:00:50.609  INFO 16068 --- [restartedMain] .d.s.w.r.o.CachingOperationNameGenerator : Generating unique operation named: findPageUsingPOST_1
2023-07-11 14:00:50.618  INFO 16068 --- [restartedMain] .d.s.w.r.o.CachingOperationNameGenerator : Generating unique operation named: saveUsingPOST_1
2023-07-11 14:00:50.623  INFO 16068 --- [restartedMain] .d.s.w.r.o.CachingOperationNameGenerator : Generating unique operation named: deleteUsingPOST_2
2023-07-11 14:00:50.625  INFO 16068 --- [restartedMain] .d.s.w.r.o.CachingOperationNameGenerator : Generating unique operation named: findPageUsingPOST_2
2023-07-11 14:00:50.627  INFO 16068 --- [restartedMain] .d.s.w.r.o.CachingOperationNameGenerator : Generating unique operation named: saveUsingPOST_2
2023-07-11 14:00:50.629  INFO 16068 --- [restartedMain] .d.s.w.r.o.CachingOperationNameGenerator : Generating unique operation named: deleteUsingPOST_3
2023-07-11 14:00:50.631  INFO 16068 --- [restartedMain] .d.s.w.r.o.CachingOperationNameGenerator : Generating unique operation named: findPageUsingPOST_3
2023-07-11 14:00:50.633  INFO 16068 --- [restartedMain] .d.s.w.r.o.CachingOperationNameGenerator : Generating unique operation named: saveUsingPOST_3
2023-07-11 14:00:50.635  INFO 16068 --- [restartedMain] .d.s.w.r.o.CachingOperationNameGenerator : Generating unique operation named: deleteUsingPOST_4
2023-07-11 14:00:50.637  INFO 16068 --- [restartedMain] .d.s.w.r.o.CachingOperationNameGenerator : Generating unique operation named: findPageUsingPOST_4
2023-07-11 14:00:50.642  INFO 16068 --- [restartedMain] .d.s.w.r.o.CachingOperationNameGenerator : Generating unique operation named: saveUsingPOST_4
2023-07-11 14:00:50.669  INFO 16068 --- [restartedMain] com.ldw.LdwApplication                   : Started LdwApplication in 4.447 seconds (JVM running for 5.546)
2023-07-11 14:02:29.102  INFO 16068 --- [http-nio-8282-exec-10] o.a.c.c.C.[Tomcat].[localhost].[/]       : Initializing Spring DispatcherServlet 'dispatcherServlet'
2023-07-11 14:02:29.102  INFO 16068 --- [http-nio-8282-exec-10] o.s.web.servlet.DispatcherServlet        : Initializing Servlet 'dispatcherServlet'
2023-07-11 14:02:29.104  INFO 16068 --- [http-nio-8282-exec-10] o.s.web.servlet.DispatcherServlet        : Completed initialization in 2 ms
2023-07-11 14:02:29.304  INFO 16068 --- [http-nio-8282-exec-1] com.zaxxer.hikari.HikariDataSource       : HikariPool-1 - Starting...
2023-07-11 14:02:30.552  INFO 16068 --- [http-nio-8282-exec-1] com.zaxxer.hikari.HikariDataSource       : HikariPool-1 - Start completed.
2023-07-11 14:12:08.314  WARN 16068 --- [http-nio-8282-exec-1] com.zaxxer.hikari.pool.PoolBase          : HikariPool-1 - Failed to validate connection com.mysql.cj.jdbc.ConnectionImpl@54e1e9f4 (No operations allowed after connection closed.). Possibly consider using a shorter maxLifetime value.
2023-07-11 14:12:08.315  WARN 16068 --- [http-nio-8282-exec-1] com.zaxxer.hikari.pool.PoolBase          : HikariPool-1 - Failed to validate connection com.mysql.cj.jdbc.ConnectionImpl@4e46deda (No operations allowed after connection closed.). Possibly consider using a shorter maxLifetime value.
2023-07-11 14:12:08.317  WARN 16068 --- [http-nio-8282-exec-1] com.zaxxer.hikari.pool.PoolBase          : HikariPool-1 - Failed to validate connection com.mysql.cj.jdbc.ConnectionImpl@5cc5282b (No operations allowed after connection closed.). Possibly consider using a shorter maxLifetime value.
2023-07-11 14:12:08.320  WARN 16068 --- [http-nio-8282-exec-1] com.zaxxer.hikari.pool.PoolBase          : HikariPool-1 - Failed to validate connection com.mysql.cj.jdbc.ConnectionImpl@3b99301f (No operations allowed after connection closed.). Possibly consider using a shorter maxLifetime value.
2023-07-11 14:12:08.321  WARN 16068 --- [http-nio-8282-exec-1] com.zaxxer.hikari.pool.PoolBase          : HikariPool-1 - Failed to validate connection com.mysql.cj.jdbc.ConnectionImpl@6b00e518 (No operations allowed after connection closed.). Possibly consider using a shorter maxLifetime value.
2023-07-11 14:12:08.323  WARN 16068 --- [http-nio-8282-exec-1] com.zaxxer.hikari.pool.PoolBase          : HikariPool-1 - Failed to validate connection com.mysql.cj.jdbc.ConnectionImpl@f0ce4c7 (No operations allowed after connection closed.). Possibly consider using a shorter maxLifetime value.
2023-07-11 14:12:08.324  WARN 16068 --- [http-nio-8282-exec-1] com.zaxxer.hikari.pool.PoolBase          : HikariPool-1 - Failed to validate connection com.mysql.cj.jdbc.ConnectionImpl@25900f8 (No operations allowed after connection closed.). Possibly consider using a shorter maxLifetime value.
2023-07-11 14:12:08.325  WARN 16068 --- [http-nio-8282-exec-1] com.zaxxer.hikari.pool.PoolBase          : HikariPool-1 - Failed to validate connection com.mysql.cj.jdbc.ConnectionImpl@7032d164 (No operations allowed after connection closed.). Possibly consider using a shorter maxLifetime value.
2023-07-11 14:12:08.326  WARN 16068 --- [http-nio-8282-exec-1] com.zaxxer.hikari.pool.PoolBase          : HikariPool-1 - Failed to validate connection com.mysql.cj.jdbc.ConnectionImpl@1cf6d25f (No operations allowed after connection closed.). Possibly consider using a shorter maxLifetime value.
2023-07-11 14:12:08.328  WARN 16068 --- [http-nio-8282-exec-1] com.zaxxer.hikari.pool.PoolBase          : HikariPool-1 - Failed to validate connection com.mysql.cj.jdbc.ConnectionImpl@743437da (No operations allowed after connection closed.). Possibly consider using a shorter maxLifetime value.
2023-07-11 14:21:49.484  WARN 16068 --- [http-nio-8282-exec-6] com.zaxxer.hikari.pool.PoolBase          : HikariPool-1 - Failed to validate connection com.mysql.cj.jdbc.ConnectionImpl@58fff825 (No operations allowed after connection closed.). Possibly consider using a shorter maxLifetime value.
2023-07-11 14:21:49.486  WARN 16068 --- [http-nio-8282-exec-6] com.zaxxer.hikari.pool.PoolBase          : HikariPool-1 - Failed to validate connection com.mysql.cj.jdbc.ConnectionImpl@5dabbe8d (No operations allowed after connection closed.). Possibly consider using a shorter maxLifetime value.
2023-07-11 14:21:49.487  WARN 16068 --- [http-nio-8282-exec-6] com.zaxxer.hikari.pool.PoolBase          : HikariPool-1 - Failed to validate connection com.mysql.cj.jdbc.ConnectionImpl@610c9f36 (No operations allowed after connection closed.). Possibly consider using a shorter maxLifetime value.
2023-07-11 14:21:49.519  WARN 16068 --- [http-nio-8282-exec-6] com.zaxxer.hikari.pool.PoolBase          : HikariPool-1 - Failed to validate connection com.mysql.cj.jdbc.ConnectionImpl@1916ef02 (No operations allowed after connection closed.). Possibly consider using a shorter maxLifetime value.
2023-07-11 14:21:49.520  WARN 16068 --- [http-nio-8282-exec-6] com.zaxxer.hikari.pool.PoolBase          : HikariPool-1 - Failed to validate connection com.mysql.cj.jdbc.ConnectionImpl@7585e700 (No operations allowed after connection closed.). Possibly consider using a shorter maxLifetime value.
2023-07-11 14:21:49.521  WARN 16068 --- [http-nio-8282-exec-6] com.zaxxer.hikari.pool.PoolBase          : HikariPool-1 - Failed to validate connection com.mysql.cj.jdbc.ConnectionImpl@702ab449 (No operations allowed after connection closed.). Possibly consider using a shorter maxLifetime value.
2023-07-11 14:21:49.522  WARN 16068 --- [http-nio-8282-exec-6] com.zaxxer.hikari.pool.PoolBase          : HikariPool-1 - Failed to validate connection com.mysql.cj.jdbc.ConnectionImpl@5eea3bb1 (No operations allowed after connection closed.). Possibly consider using a shorter maxLifetime value.
2023-07-11 14:21:49.523  WARN 16068 --- [http-nio-8282-exec-6] com.zaxxer.hikari.pool.PoolBase          : HikariPool-1 - Failed to validate connection com.mysql.cj.jdbc.ConnectionImpl@48d6a8b (No operations allowed after connection closed.). Possibly consider using a shorter maxLifetime value.
2023-07-11 14:21:49.524  WARN 16068 --- [http-nio-8282-exec-6] com.zaxxer.hikari.pool.PoolBase          : HikariPool-1 - Failed to validate connection com.mysql.cj.jdbc.ConnectionImpl@22f60fd9 (No operations allowed after connection closed.). Possibly consider using a shorter maxLifetime value.
2023-07-11 14:21:49.527  WARN 16068 --- [http-nio-8282-exec-6] com.zaxxer.hikari.pool.PoolBase          : HikariPool-1 - Failed to validate connection com.mysql.cj.jdbc.ConnectionImpl@7db6f32 (No operations allowed after connection closed.). Possibly consider using a shorter maxLifetime value.
2023-07-11 14:28:37.660  WARN 16068 --- [http-nio-8282-exec-3] com.zaxxer.hikari.pool.PoolBase          : HikariPool-1 - Failed to validate connection com.mysql.cj.jdbc.ConnectionImpl@418e8b5f (No operations allowed after connection closed.). Possibly consider using a shorter maxLifetime value.
2023-07-11 14:28:37.662  WARN 16068 --- [http-nio-8282-exec-3] com.zaxxer.hikari.pool.PoolBase          : HikariPool-1 - Failed to validate connection com.mysql.cj.jdbc.ConnectionImpl@595f1854 (No operations allowed after connection closed.). Possibly consider using a shorter maxLifetime value.
2023-07-11 14:28:37.664  WARN 16068 --- [http-nio-8282-exec-3] com.zaxxer.hikari.pool.PoolBase          : HikariPool-1 - Failed to validate connection com.mysql.cj.jdbc.ConnectionImpl@723e0357 (No operations allowed after connection closed.). Possibly consider using a shorter maxLifetime value.
2023-07-11 14:28:37.667  WARN 16068 --- [http-nio-8282-exec-3] com.zaxxer.hikari.pool.PoolBase          : HikariPool-1 - Failed to validate connection com.mysql.cj.jdbc.ConnectionImpl@475faa3c (No operations allowed after connection closed.). Possibly consider using a shorter maxLifetime value.
2023-07-11 14:28:37.669  WARN 16068 --- [http-nio-8282-exec-3] com.zaxxer.hikari.pool.PoolBase          : HikariPool-1 - Failed to validate connection com.mysql.cj.jdbc.ConnectionImpl@3ff69888 (No operations allowed after connection closed.). Possibly consider using a shorter maxLifetime value.
2023-07-11 14:28:37.671  WARN 16068 --- [http-nio-8282-exec-3] com.zaxxer.hikari.pool.PoolBase          : HikariPool-1 - Failed to validate connection com.mysql.cj.jdbc.ConnectionImpl@1e4aaa9a (No operations allowed after connection closed.). Possibly consider using a shorter maxLifetime value.
2023-07-11 14:28:37.672  WARN 16068 --- [http-nio-8282-exec-3] com.zaxxer.hikari.pool.PoolBase          : HikariPool-1 - Failed to validate connection com.mysql.cj.jdbc.ConnectionImpl@1cec26bf (No operations allowed after connection closed.). Possibly consider using a shorter maxLifetime value.
2023-07-11 14:28:37.674  WARN 16068 --- [http-nio-8282-exec-3] com.zaxxer.hikari.pool.PoolBase          : HikariPool-1 - Failed to validate connection com.mysql.cj.jdbc.ConnectionImpl@26d86154 (No operations allowed after connection closed.). Possibly consider using a shorter maxLifetime value.
2023-07-11 14:28:37.678  WARN 16068 --- [http-nio-8282-exec-3] com.zaxxer.hikari.pool.PoolBase          : HikariPool-1 - Failed to validate connection com.mysql.cj.jdbc.ConnectionImpl@2de18fdf (No operations allowed after connection closed.). Possibly consider using a shorter maxLifetime value.
2023-07-11 14:44:09.146  WARN 16068 --- [http-nio-8282-exec-5] com.zaxxer.hikari.pool.PoolBase          : HikariPool-1 - Failed to validate connection com.mysql.cj.jdbc.ConnectionImpl@2e5c63e5 (No operations allowed after connection closed.). Possibly consider using a shorter maxLifetime value.
2023-07-11 14:44:09.148  WARN 16068 --- [http-nio-8282-exec-5] com.zaxxer.hikari.pool.PoolBase          : HikariPool-1 - Failed to validate connection com.mysql.cj.jdbc.ConnectionImpl@610510fd (No operations allowed after connection closed.). Possibly consider using a shorter maxLifetime value.
2023-07-11 14:44:09.150  WARN 16068 --- [http-nio-8282-exec-5] com.zaxxer.hikari.pool.PoolBase          : HikariPool-1 - Failed to validate connection com.mysql.cj.jdbc.ConnectionImpl@75e019ac (No operations allowed after connection closed.). Possibly consider using a shorter maxLifetime value.
2023-07-11 14:44:09.150  WARN 16068 --- [http-nio-8282-exec-5] com.zaxxer.hikari.pool.PoolBase          : HikariPool-1 - Failed to validate connection com.mysql.cj.jdbc.ConnectionImpl@52b77414 (No operations allowed after connection closed.). Possibly consider using a shorter maxLifetime value.
2023-07-11 14:44:09.151  WARN 16068 --- [http-nio-8282-exec-5] com.zaxxer.hikari.pool.PoolBase          : HikariPool-1 - Failed to validate connection com.mysql.cj.jdbc.ConnectionImpl@28336a7d (No operations allowed after connection closed.). Possibly consider using a shorter maxLifetime value.
2023-07-11 14:44:09.152  WARN 16068 --- [http-nio-8282-exec-5] com.zaxxer.hikari.pool.PoolBase          : HikariPool-1 - Failed to validate connection com.mysql.cj.jdbc.ConnectionImpl@6178057e (No operations allowed after connection closed.). Possibly consider using a shorter maxLifetime value.
2023-07-11 14:44:09.153  WARN 16068 --- [http-nio-8282-exec-5] com.zaxxer.hikari.pool.PoolBase          : HikariPool-1 - Failed to validate connection com.mysql.cj.jdbc.ConnectionImpl@14205d84 (No operations allowed after connection closed.). Possibly consider using a shorter maxLifetime value.
2023-07-11 14:44:09.155  WARN 16068 --- [http-nio-8282-exec-5] com.zaxxer.hikari.pool.PoolBase          : HikariPool-1 - Failed to validate connection com.mysql.cj.jdbc.ConnectionImpl@7d5e9cc0 (No operations allowed after connection closed.). Possibly consider using a shorter maxLifetime value.
2023-07-11 14:44:09.156  WARN 16068 --- [http-nio-8282-exec-5] com.zaxxer.hikari.pool.PoolBase          : HikariPool-1 - Failed to validate connection com.mysql.cj.jdbc.ConnectionImpl@4e0d7194 (No operations allowed after connection closed.). Possibly consider using a shorter maxLifetime value.
2023-07-11 14:44:09.158  WARN 16068 --- [http-nio-8282-exec-5] com.zaxxer.hikari.pool.PoolBase          : HikariPool-1 - Failed to validate connection com.mysql.cj.jdbc.ConnectionImpl@6fffdede (No operations allowed after connection closed.). Possibly consider using a shorter maxLifetime value.
2023-07-11 14:51:31.913  WARN 16068 --- [http-nio-8282-exec-6] com.zaxxer.hikari.pool.PoolBase          : HikariPool-1 - Failed to validate connection com.mysql.cj.jdbc.ConnectionImpl@5768b65 (No operations allowed after connection closed.). Possibly consider using a shorter maxLifetime value.
2023-07-11 14:51:31.915  WARN 16068 --- [http-nio-8282-exec-6] com.zaxxer.hikari.pool.PoolBase          : HikariPool-1 - Failed to validate connection com.mysql.cj.jdbc.ConnectionImpl@53431063 (No operations allowed after connection closed.). Possibly consider using a shorter maxLifetime value.
2023-07-11 14:51:31.916  WARN 16068 --- [http-nio-8282-exec-6] com.zaxxer.hikari.pool.PoolBase          : HikariPool-1 - Failed to validate connection com.mysql.cj.jdbc.ConnectionImpl@d6f0e20 (No operations allowed after connection closed.). Possibly consider using a shorter maxLifetime value.
2023-07-11 14:51:31.917  WARN 16068 --- [http-nio-8282-exec-6] com.zaxxer.hikari.pool.PoolBase          : HikariPool-1 - Failed to validate connection com.mysql.cj.jdbc.ConnectionImpl@c2141fb (No operations allowed after connection closed.). Possibly consider using a shorter maxLifetime value.
2023-07-11 14:51:31.919  WARN 16068 --- [http-nio-8282-exec-6] com.zaxxer.hikari.pool.PoolBase          : HikariPool-1 - Failed to validate connection com.mysql.cj.jdbc.ConnectionImpl@131be182 (No operations allowed after connection closed.). Possibly consider using a shorter maxLifetime value.
2023-07-11 14:51:31.920  WARN 16068 --- [http-nio-8282-exec-6] com.zaxxer.hikari.pool.PoolBase          : HikariPool-1 - Failed to validate connection com.mysql.cj.jdbc.ConnectionImpl@18fcbaa2 (No operations allowed after connection closed.). Possibly consider using a shorter maxLifetime value.
2023-07-11 14:51:31.921  WARN 16068 --- [http-nio-8282-exec-6] com.zaxxer.hikari.pool.PoolBase          : HikariPool-1 - Failed to validate connection com.mysql.cj.jdbc.ConnectionImpl@6ac9cd86 (No operations allowed after connection closed.). Possibly consider using a shorter maxLifetime value.
2023-07-11 14:51:31.922  WARN 16068 --- [http-nio-8282-exec-6] com.zaxxer.hikari.pool.PoolBase          : HikariPool-1 - Failed to validate connection com.mysql.cj.jdbc.ConnectionImpl@6ce177bd (No operations allowed after connection closed.). Possibly consider using a shorter maxLifetime value.
2023-07-11 14:51:31.923  WARN 16068 --- [http-nio-8282-exec-6] com.zaxxer.hikari.pool.PoolBase          : HikariPool-1 - Failed to validate connection com.mysql.cj.jdbc.ConnectionImpl@20ba9c52 (No operations allowed after connection closed.). Possibly consider using a shorter maxLifetime value.
2023-07-11 14:51:31.924  WARN 16068 --- [http-nio-8282-exec-6] com.zaxxer.hikari.pool.PoolBase          : HikariPool-1 - Failed to validate connection com.mysql.cj.jdbc.ConnectionImpl@5dee1b4d (No operations allowed after connection closed.). Possibly consider using a shorter maxLifetime value.
2023-07-11 14:53:41.095 ERROR 16068 --- [http-nio-8282-exec-3] o.a.c.c.C.[.[.[/].[dispatcherServlet]    : Servlet.service() for servlet [dispatcherServlet] in context with path [] threw exception

java.lang.NullPointerException: null
	at com.ldw.filter.TokenVerifyFilter.doFilterInternal(TokenVerifyFilter.java:82) ~[classes/:na]
	at org.springframework.web.filter.OncePerRequestFilter.doFilter(OncePerRequestFilter.java:117) ~[spring-web-5.3.20.jar:5.3.20]
	at org.springframework.security.web.FilterChainProxy$VirtualFilterChain.doFilter(FilterChainProxy.java:336) ~[spring-security-web-5.7.1.jar:5.7.1]
	at org.springframework.security.web.authentication.AbstractAuthenticationProcessingFilter.doFilter(AbstractAuthenticationProcessingFilter.java:223) ~[spring-security-web-5.7.1.jar:5.7.1]
	at org.springframework.security.web.authentication.AbstractAuthenticationProcessingFilter.doFilter(AbstractAuthenticationProcessingFilter.java:217) ~[spring-security-web-5.7.1.jar:5.7.1]
	at org.springframework.security.web.FilterChainProxy$VirtualFilterChain.doFilter(FilterChainProxy.java:336) ~[spring-security-web-5.7.1.jar:5.7.1]
	at org.springframework.security.web.authentication.logout.LogoutFilter.doFilter(LogoutFilter.java:103) ~[spring-security-web-5.7.1.jar:5.7.1]
	at org.springframework.security.web.authentication.logout.LogoutFilter.doFilter(LogoutFilter.java:89) ~[spring-security-web-5.7.1.jar:5.7.1]
	at org.springframework.security.web.FilterChainProxy$VirtualFilterChain.doFilter(FilterChainProxy.java:336) ~[spring-security-web-5.7.1.jar:5.7.1]
	at org.springframework.web.filter.CorsFilter.doFilterInternal(CorsFilter.java:91) ~[spring-web-5.3.20.jar:5.3.20]
	at org.springframework.web.filter.OncePerRequestFilter.doFilter(OncePerRequestFilter.java:117) ~[spring-web-5.3.20.jar:5.3.20]
	at org.springframework.security.web.FilterChainProxy$VirtualFilterChain.doFilter(FilterChainProxy.java:336) ~[spring-security-web-5.7.1.jar:5.7.1]
	at org.springframework.security.web.header.HeaderWriterFilter.doHeadersAfter(HeaderWriterFilter.java:90) ~[spring-security-web-5.7.1.jar:5.7.1]
	at org.springframework.security.web.header.HeaderWriterFilter.doFilterInternal(HeaderWriterFilter.java:75) ~[spring-security-web-5.7.1.jar:5.7.1]
	at org.springframework.web.filter.OncePerRequestFilter.doFilter(OncePerRequestFilter.java:117) ~[spring-web-5.3.20.jar:5.3.20]
	at org.springframework.security.web.FilterChainProxy$VirtualFilterChain.doFilter(FilterChainProxy.java:336) ~[spring-security-web-5.7.1.jar:5.7.1]
	at org.springframework.security.web.context.SecurityContextPersistenceFilter.doFilter(SecurityContextPersistenceFilter.java:112) ~[spring-security-web-5.7.1.jar:5.7.1]
	at org.springframework.security.web.context.SecurityContextPersistenceFilter.doFilter(SecurityContextPersistenceFilter.java:82) ~[spring-security-web-5.7.1.jar:5.7.1]
	at org.springframework.security.web.FilterChainProxy$VirtualFilterChain.doFilter(FilterChainProxy.java:336) ~[spring-security-web-5.7.1.jar:5.7.1]
	at org.springframework.security.web.context.request.async.WebAsyncManagerIntegrationFilter.doFilterInternal(WebAsyncManagerIntegrationFilter.java:55) ~[spring-security-web-5.7.1.jar:5.7.1]
	at org.springframework.web.filter.OncePerRequestFilter.doFilter(OncePerRequestFilter.java:117) ~[spring-web-5.3.20.jar:5.3.20]
	at org.springframework.security.web.FilterChainProxy$VirtualFilterChain.doFilter(FilterChainProxy.java:336) ~[spring-security-web-5.7.1.jar:5.7.1]
	at org.springframework.security.web.session.DisableEncodeUrlFilter.doFilterInternal(DisableEncodeUrlFilter.java:42) ~[spring-security-web-5.7.1.jar:5.7.1]
	at org.springframework.web.filter.OncePerRequestFilter.doFilter(OncePerRequestFilter.java:117) ~[spring-web-5.3.20.jar:5.3.20]
	at org.springframework.security.web.FilterChainProxy$VirtualFilterChain.doFilter(FilterChainProxy.java:336) ~[spring-security-web-5.7.1.jar:5.7.1]
	at org.springframework.security.web.FilterChainProxy.doFilterInternal(FilterChainProxy.java:211) ~[spring-security-web-5.7.1.jar:5.7.1]
	at org.springframework.security.web.FilterChainProxy.doFilter(FilterChainProxy.java:183) ~[spring-security-web-5.7.1.jar:5.7.1]
	at org.springframework.web.filter.DelegatingFilterProxy.invokeDelegate(DelegatingFilterProxy.java:354) ~[spring-web-5.3.20.jar:5.3.20]
	at org.springframework.web.filter.DelegatingFilterProxy.doFilter(DelegatingFilterProxy.java:267) ~[spring-web-5.3.20.jar:5.3.20]
	at org.apache.catalina.core.ApplicationFilterChain.internalDoFilter(ApplicationFilterChain.java:189) ~[tomcat-embed-core-9.0.63.jar:9.0.63]
	at org.apache.catalina.core.ApplicationFilterChain.doFilter(ApplicationFilterChain.java:162) ~[tomcat-embed-core-9.0.63.jar:9.0.63]
	at org.springframework.web.filter.CharacterEncodingFilter.doFilterInternal(CharacterEncodingFilter.java:201) ~[spring-web-5.3.20.jar:5.3.20]
	at org.springframework.web.filter.OncePerRequestFilter.doFilter(OncePerRequestFilter.java:117) ~[spring-web-5.3.20.jar:5.3.20]
	at org.apache.catalina.core.ApplicationFilterChain.internalDoFilter(ApplicationFilterChain.java:189) ~[tomcat-embed-core-9.0.63.jar:9.0.63]
	at org.apache.catalina.core.ApplicationFilterChain.doFilter(ApplicationFilterChain.java:162) ~[tomcat-embed-core-9.0.63.jar:9.0.63]
	at org.apache.catalina.core.StandardWrapperValve.invoke(StandardWrapperValve.java:197) ~[tomcat-embed-core-9.0.63.jar:9.0.63]
	at org.apache.catalina.core.StandardContextValve.invoke(StandardContextValve.java:97) [tomcat-embed-core-9.0.63.jar:9.0.63]
	at org.apache.catalina.authenticator.AuthenticatorBase.invoke(AuthenticatorBase.java:541) [tomcat-embed-core-9.0.63.jar:9.0.63]
	at org.apache.catalina.core.StandardHostValve.invoke(StandardHostValve.java:135) [tomcat-embed-core-9.0.63.jar:9.0.63]
	at org.apache.catalina.valves.ErrorReportValve.invoke(ErrorReportValve.java:92) [tomcat-embed-core-9.0.63.jar:9.0.63]
	at org.apache.catalina.core.StandardEngineValve.invoke(StandardEngineValve.java:78) [tomcat-embed-core-9.0.63.jar:9.0.63]
	at org.apache.catalina.connector.CoyoteAdapter.service(CoyoteAdapter.java:360) [tomcat-embed-core-9.0.63.jar:9.0.63]
	at org.apache.coyote.http11.Http11Processor.service(Http11Processor.java:399) [tomcat-embed-core-9.0.63.jar:9.0.63]
	at org.apache.coyote.AbstractProcessorLight.process(AbstractProcessorLight.java:65) [tomcat-embed-core-9.0.63.jar:9.0.63]
	at org.apache.coyote.AbstractProtocol$ConnectionHandler.process(AbstractProtocol.java:890) [tomcat-embed-core-9.0.63.jar:9.0.63]
	at org.apache.tomcat.util.net.NioEndpoint$SocketProcessor.doRun(NioEndpoint.java:1743) [tomcat-embed-core-9.0.63.jar:9.0.63]
	at org.apache.tomcat.util.net.SocketProcessorBase.run(SocketProcessorBase.java:49) [tomcat-embed-core-9.0.63.jar:9.0.63]
	at org.apache.tomcat.util.threads.ThreadPoolExecutor.runWorker(ThreadPoolExecutor.java:1191) [tomcat-embed-core-9.0.63.jar:9.0.63]
	at org.apache.tomcat.util.threads.ThreadPoolExecutor$Worker.run(ThreadPoolExecutor.java:659) [tomcat-embed-core-9.0.63.jar:9.0.63]
	at org.apache.tomcat.util.threads.TaskThread$WrappingRunnable.run(TaskThread.java:61) [tomcat-embed-core-9.0.63.jar:9.0.63]
	at java.lang.Thread.run(Thread.java:750) [na:1.8.0_371]

2023-07-11 14:53:41.126  WARN 16068 --- [http-nio-8282-exec-3] .m.m.a.ExceptionHandlerExceptionResolver : Failure in @ExceptionHandler com.ldw.exception.GlobalExceptionHandler#exceptionHandler()

java.lang.IllegalStateException: getWriter() has already been called for this response
	at org.apache.catalina.connector.Response.getOutputStream(Response.java:550) ~[tomcat-embed-core-9.0.63.jar:9.0.63]
	at org.apache.catalina.connector.ResponseFacade.getOutputStream(ResponseFacade.java:210) ~[tomcat-embed-core-9.0.63.jar:9.0.63]
	at javax.servlet.ServletResponseWrapper.getOutputStream(ServletResponseWrapper.java:105) ~[tomcat-embed-core-9.0.63.jar:4.0.FR]
	at org.springframework.http.server.ServletServerHttpResponse.getBody(ServletServerHttpResponse.java:97) ~[spring-web-5.3.20.jar:5.3.20]
	at org.springframework.http.converter.json.AbstractJackson2HttpMessageConverter.writeInternal(AbstractJackson2HttpMessageConverter.java:424) ~[spring-web-5.3.20.jar:5.3.20]
	at org.springframework.http.converter.AbstractGenericHttpMessageConverter.write(AbstractGenericHttpMessageConverter.java:104) ~[spring-web-5.3.20.jar:5.3.20]
	at org.springframework.web.servlet.mvc.method.annotation.AbstractMessageConverterMethodProcessor.writeWithMessageConverters(AbstractMessageConverterMethodProcessor.java:290) ~[spring-webmvc-5.3.20.jar:5.3.20]
	at org.springframework.web.servlet.mvc.method.annotation.RequestResponseBodyMethodProcessor.handleReturnValue(RequestResponseBodyMethodProcessor.java:183) ~[spring-webmvc-5.3.20.jar:5.3.20]
	at org.springframework.web.method.support.HandlerMethodReturnValueHandlerComposite.handleReturnValue(HandlerMethodReturnValueHandlerComposite.java:78) ~[spring-web-5.3.20.jar:5.3.20]
	at org.springframework.web.servlet.mvc.method.annotation.ServletInvocableHandlerMethod.invokeAndHandle(ServletInvocableHandlerMethod.java:135) ~[spring-webmvc-5.3.20.jar:5.3.20]
	at org.springframework.web.servlet.mvc.method.annotation.ExceptionHandlerExceptionResolver.doResolveHandlerMethodException(ExceptionHandlerExceptionResolver.java:428) ~[spring-webmvc-5.3.20.jar:5.3.20]
	at org.springframework.web.servlet.handler.AbstractHandlerMethodExceptionResolver.doResolveException(AbstractHandlerMethodExceptionResolver.java:75) [spring-webmvc-5.3.20.jar:5.3.20]
	at org.springframework.web.servlet.handler.AbstractHandlerExceptionResolver.resolveException(AbstractHandlerExceptionResolver.java:142) [spring-webmvc-5.3.20.jar:5.3.20]
	at org.springframework.web.servlet.handler.HandlerExceptionResolverComposite.resolveException(HandlerExceptionResolverComposite.java:80) [spring-webmvc-5.3.20.jar:5.3.20]
	at org.springframework.web.servlet.DispatcherServlet.processHandlerException(DispatcherServlet.java:1327) [spring-webmvc-5.3.20.jar:5.3.20]
	at org.springframework.web.servlet.DispatcherServlet.processDispatchResult(DispatcherServlet.java:1138) [spring-webmvc-5.3.20.jar:5.3.20]
	at org.springframework.web.servlet.DispatcherServlet.doDispatch(DispatcherServlet.java:1084) [spring-webmvc-5.3.20.jar:5.3.20]
	at org.springframework.web.servlet.DispatcherServlet.doService(DispatcherServlet.java:963) [spring-webmvc-5.3.20.jar:5.3.20]
	at org.springframework.web.servlet.FrameworkServlet.processRequest(FrameworkServlet.java:1006) [spring-webmvc-5.3.20.jar:5.3.20]
	at org.springframework.web.servlet.FrameworkServlet.doPost(FrameworkServlet.java:909) [spring-webmvc-5.3.20.jar:5.3.20]
	at javax.servlet.http.HttpServlet.service(HttpServlet.java:681) [tomcat-embed-core-9.0.63.jar:4.0.FR]
	at org.springframework.web.servlet.FrameworkServlet.service(FrameworkServlet.java:883) [spring-webmvc-5.3.20.jar:5.3.20]
	at javax.servlet.http.HttpServlet.service(HttpServlet.java:764) [tomcat-embed-core-9.0.63.jar:4.0.FR]
	at org.apache.catalina.core.ApplicationFilterChain.internalDoFilter(ApplicationFilterChain.java:227) [tomcat-embed-core-9.0.63.jar:9.0.63]
	at org.apache.catalina.core.ApplicationFilterChain.doFilter(ApplicationFilterChain.java:162) [tomcat-embed-core-9.0.63.jar:9.0.63]
	at org.springframework.web.filter.OncePerRequestFilter.doFilter(OncePerRequestFilter.java:102) [spring-web-5.3.20.jar:5.3.20]
	at org.apache.catalina.core.ApplicationFilterChain.internalDoFilter(ApplicationFilterChain.java:189) [tomcat-embed-core-9.0.63.jar:9.0.63]
	at org.apache.catalina.core.ApplicationFilterChain.doFilter(ApplicationFilterChain.java:162) [tomcat-embed-core-9.0.63.jar:9.0.63]
	at org.apache.catalina.core.ApplicationDispatcher.invoke(ApplicationDispatcher.java:711) [tomcat-embed-core-9.0.63.jar:9.0.63]
	at org.apache.catalina.core.ApplicationDispatcher.doInclude(ApplicationDispatcher.java:578) [tomcat-embed-core-9.0.63.jar:9.0.63]
	at org.apache.catalina.core.ApplicationDispatcher.include(ApplicationDispatcher.java:517) [tomcat-embed-core-9.0.63.jar:9.0.63]
	at org.apache.catalina.core.StandardHostValve.custom(StandardHostValve.java:384) [tomcat-embed-core-9.0.63.jar:9.0.63]
	at org.apache.catalina.core.StandardHostValve.status(StandardHostValve.java:249) [tomcat-embed-core-9.0.63.jar:9.0.63]
	at org.apache.catalina.core.StandardHostValve.throwable(StandardHostValve.java:344) [tomcat-embed-core-9.0.63.jar:9.0.63]
	at org.apache.catalina.core.StandardHostValve.invoke(StandardHostValve.java:169) [tomcat-embed-core-9.0.63.jar:9.0.63]
	at org.apache.catalina.valves.ErrorReportValve.invoke(ErrorReportValve.java:92) [tomcat-embed-core-9.0.63.jar:9.0.63]
	at org.apache.catalina.core.StandardEngineValve.invoke(StandardEngineValve.java:78) [tomcat-embed-core-9.0.63.jar:9.0.63]
	at org.apache.catalina.connector.CoyoteAdapter.service(CoyoteAdapter.java:360) [tomcat-embed-core-9.0.63.jar:9.0.63]
	at org.apache.coyote.http11.Http11Processor.service(Http11Processor.java:399) [tomcat-embed-core-9.0.63.jar:9.0.63]
	at org.apache.coyote.AbstractProcessorLight.process(AbstractProcessorLight.java:65) [tomcat-embed-core-9.0.63.jar:9.0.63]
	at org.apache.coyote.AbstractProtocol$ConnectionHandler.process(AbstractProtocol.java:890) [tomcat-embed-core-9.0.63.jar:9.0.63]
	at org.apache.tomcat.util.net.NioEndpoint$SocketProcessor.doRun(NioEndpoint.java:1743) [tomcat-embed-core-9.0.63.jar:9.0.63]
	at org.apache.tomcat.util.net.SocketProcessorBase.run(SocketProcessorBase.java:49) [tomcat-embed-core-9.0.63.jar:9.0.63]
	at org.apache.tomcat.util.threads.ThreadPoolExecutor.runWorker(ThreadPoolExecutor.java:1191) [tomcat-embed-core-9.0.63.jar:9.0.63]
	at org.apache.tomcat.util.threads.ThreadPoolExecutor$Worker.run(ThreadPoolExecutor.java:659) [tomcat-embed-core-9.0.63.jar:9.0.63]
	at org.apache.tomcat.util.threads.TaskThread$WrappingRunnable.run(TaskThread.java:61) [tomcat-embed-core-9.0.63.jar:9.0.63]
	at java.lang.Thread.run(Thread.java:750) [na:1.8.0_371]

2023-07-11 14:53:41.128 ERROR 16068 --- [http-nio-8282-exec-3] o.a.c.c.C.[.[.[/].[dispatcherServlet]    : Servlet.service() for servlet [dispatcherServlet] threw exception

java.lang.IllegalStateException: getWriter() has already been called for this response
	at org.apache.catalina.connector.Response.getOutputStream(Response.java:550) ~[tomcat-embed-core-9.0.63.jar:9.0.63]
	at org.apache.catalina.connector.ResponseFacade.getOutputStream(ResponseFacade.java:210) ~[tomcat-embed-core-9.0.63.jar:9.0.63]
	at javax.servlet.ServletResponseWrapper.getOutputStream(ServletResponseWrapper.java:105) ~[tomcat-embed-core-9.0.63.jar:4.0.FR]
	at org.springframework.http.server.ServletServerHttpResponse.getBody(ServletServerHttpResponse.java:97) ~[spring-web-5.3.20.jar:5.3.20]
	at org.springframework.http.converter.json.AbstractJackson2HttpMessageConverter.writeInternal(AbstractJackson2HttpMessageConverter.java:424) ~[spring-web-5.3.20.jar:5.3.20]
	at org.springframework.http.converter.AbstractGenericHttpMessageConverter.write(AbstractGenericHttpMessageConverter.java:104) ~[spring-web-5.3.20.jar:5.3.20]
	at org.springframework.web.servlet.mvc.method.annotation.AbstractMessageConverterMethodProcessor.writeWithMessageConverters(AbstractMessageConverterMethodProcessor.java:290) ~[spring-webmvc-5.3.20.jar:5.3.20]
	at org.springframework.web.servlet.mvc.method.annotation.HttpEntityMethodProcessor.handleReturnValue(HttpEntityMethodProcessor.java:219) ~[spring-webmvc-5.3.20.jar:5.3.20]
	at org.springframework.web.method.support.HandlerMethodReturnValueHandlerComposite.handleReturnValue(HandlerMethodReturnValueHandlerComposite.java:78) ~[spring-web-5.3.20.jar:5.3.20]
	at org.springframework.web.servlet.mvc.method.annotation.ServletInvocableHandlerMethod.invokeAndHandle(ServletInvocableHandlerMethod.java:135) ~[spring-webmvc-5.3.20.jar:5.3.20]
	at org.springframework.web.servlet.mvc.method.annotation.RequestMappingHandlerAdapter.invokeHandlerMethod(RequestMappingHandlerAdapter.java:895) ~[spring-webmvc-5.3.20.jar:5.3.20]
	at org.springframework.web.servlet.mvc.method.annotation.RequestMappingHandlerAdapter.handleInternal(RequestMappingHandlerAdapter.java:808) ~[spring-webmvc-5.3.20.jar:5.3.20]
	at org.springframework.web.servlet.mvc.method.AbstractHandlerMethodAdapter.handle(AbstractHandlerMethodAdapter.java:87) ~[spring-webmvc-5.3.20.jar:5.3.20]
	at org.springframework.web.servlet.DispatcherServlet.doDispatch(DispatcherServlet.java:1067) ~[spring-webmvc-5.3.20.jar:5.3.20]
	at org.springframework.web.servlet.DispatcherServlet.doService(DispatcherServlet.java:963) ~[spring-webmvc-5.3.20.jar:5.3.20]
	at org.springframework.web.servlet.FrameworkServlet.processRequest(FrameworkServlet.java:1006) ~[spring-webmvc-5.3.20.jar:5.3.20]
	at org.springframework.web.servlet.FrameworkServlet.doPost(FrameworkServlet.java:909) ~[spring-webmvc-5.3.20.jar:5.3.20]
	at javax.servlet.http.HttpServlet.service(HttpServlet.java:681) ~[tomcat-embed-core-9.0.63.jar:4.0.FR]
	at org.springframework.web.servlet.FrameworkServlet.service(FrameworkServlet.java:883) ~[spring-webmvc-5.3.20.jar:5.3.20]
	at javax.servlet.http.HttpServlet.service(HttpServlet.java:764) ~[tomcat-embed-core-9.0.63.jar:4.0.FR]
	at org.apache.catalina.core.ApplicationFilterChain.internalDoFilter(ApplicationFilterChain.java:227) ~[tomcat-embed-core-9.0.63.jar:9.0.63]
	at org.apache.catalina.core.ApplicationFilterChain.doFilter(ApplicationFilterChain.java:162) ~[tomcat-embed-core-9.0.63.jar:9.0.63]
	at org.springframework.web.filter.OncePerRequestFilter.doFilter(OncePerRequestFilter.java:102) ~[spring-web-5.3.20.jar:5.3.20]
	at org.apache.catalina.core.ApplicationFilterChain.internalDoFilter(ApplicationFilterChain.java:189) ~[tomcat-embed-core-9.0.63.jar:9.0.63]
	at org.apache.catalina.core.ApplicationFilterChain.doFilter(ApplicationFilterChain.java:162) ~[tomcat-embed-core-9.0.63.jar:9.0.63]
	at org.apache.catalina.core.ApplicationDispatcher.invoke(ApplicationDispatcher.java:711) [tomcat-embed-core-9.0.63.jar:9.0.63]
	at org.apache.catalina.core.ApplicationDispatcher.doInclude(ApplicationDispatcher.java:578) [tomcat-embed-core-9.0.63.jar:9.0.63]
	at org.apache.catalina.core.ApplicationDispatcher.include(ApplicationDispatcher.java:517) [tomcat-embed-core-9.0.63.jar:9.0.63]
	at org.apache.catalina.core.StandardHostValve.custom(StandardHostValve.java:384) [tomcat-embed-core-9.0.63.jar:9.0.63]
	at org.apache.catalina.core.StandardHostValve.status(StandardHostValve.java:249) [tomcat-embed-core-9.0.63.jar:9.0.63]
	at org.apache.catalina.core.StandardHostValve.throwable(StandardHostValve.java:344) [tomcat-embed-core-9.0.63.jar:9.0.63]
	at org.apache.catalina.core.StandardHostValve.invoke(StandardHostValve.java:169) [tomcat-embed-core-9.0.63.jar:9.0.63]
	at org.apache.catalina.valves.ErrorReportValve.invoke(ErrorReportValve.java:92) [tomcat-embed-core-9.0.63.jar:9.0.63]
	at org.apache.catalina.core.StandardEngineValve.invoke(StandardEngineValve.java:78) [tomcat-embed-core-9.0.63.jar:9.0.63]
	at org.apache.catalina.connector.CoyoteAdapter.service(CoyoteAdapter.java:360) [tomcat-embed-core-9.0.63.jar:9.0.63]
	at org.apache.coyote.http11.Http11Processor.service(Http11Processor.java:399) [tomcat-embed-core-9.0.63.jar:9.0.63]
	at org.apache.coyote.AbstractProcessorLight.process(AbstractProcessorLight.java:65) [tomcat-embed-core-9.0.63.jar:9.0.63]
	at org.apache.coyote.AbstractProtocol$ConnectionHandler.process(AbstractProtocol.java:890) [tomcat-embed-core-9.0.63.jar:9.0.63]
	at org.apache.tomcat.util.net.NioEndpoint$SocketProcessor.doRun(NioEndpoint.java:1743) [tomcat-embed-core-9.0.63.jar:9.0.63]
	at org.apache.tomcat.util.net.SocketProcessorBase.run(SocketProcessorBase.java:49) [tomcat-embed-core-9.0.63.jar:9.0.63]
	at org.apache.tomcat.util.threads.ThreadPoolExecutor.runWorker(ThreadPoolExecutor.java:1191) [tomcat-embed-core-9.0.63.jar:9.0.63]
	at org.apache.tomcat.util.threads.ThreadPoolExecutor$Worker.run(ThreadPoolExecutor.java:659) [tomcat-embed-core-9.0.63.jar:9.0.63]
	at org.apache.tomcat.util.threads.TaskThread$WrappingRunnable.run(TaskThread.java:61) [tomcat-embed-core-9.0.63.jar:9.0.63]
	at java.lang.Thread.run(Thread.java:750) [na:1.8.0_371]

2023-07-11 14:53:41.128 ERROR 16068 --- [http-nio-8282-exec-3] o.a.c.c.C.[Tomcat].[localhost]           : Exception Processing ErrorPage[errorCode=0, location=/error]

org.springframework.web.util.NestedServletException: Request processing failed; nested exception is java.lang.IllegalStateException: getWriter() has already been called for this response
	at org.springframework.web.servlet.FrameworkServlet.processRequest(FrameworkServlet.java:1014) ~[spring-webmvc-5.3.20.jar:5.3.20]
	at org.springframework.web.servlet.FrameworkServlet.doPost(FrameworkServlet.java:909) ~[spring-webmvc-5.3.20.jar:5.3.20]
	at javax.servlet.http.HttpServlet.service(HttpServlet.java:681) ~[tomcat-embed-core-9.0.63.jar:4.0.FR]
	at org.springframework.web.servlet.FrameworkServlet.service(FrameworkServlet.java:883) ~[spring-webmvc-5.3.20.jar:5.3.20]
	at javax.servlet.http.HttpServlet.service(HttpServlet.java:764) ~[tomcat-embed-core-9.0.63.jar:4.0.FR]
	at org.apache.catalina.core.ApplicationFilterChain.internalDoFilter(ApplicationFilterChain.java:227) ~[tomcat-embed-core-9.0.63.jar:9.0.63]
	at org.apache.catalina.core.ApplicationFilterChain.doFilter(ApplicationFilterChain.java:162) ~[tomcat-embed-core-9.0.63.jar:9.0.63]
	at org.springframework.web.filter.OncePerRequestFilter.doFilter(OncePerRequestFilter.java:102) ~[spring-web-5.3.20.jar:5.3.20]
	at org.apache.catalina.core.ApplicationFilterChain.internalDoFilter(ApplicationFilterChain.java:189) ~[tomcat-embed-core-9.0.63.jar:9.0.63]
	at org.apache.catalina.core.ApplicationFilterChain.doFilter(ApplicationFilterChain.java:162) ~[tomcat-embed-core-9.0.63.jar:9.0.63]
	at org.apache.catalina.core.ApplicationDispatcher.invoke(ApplicationDispatcher.java:711) ~[tomcat-embed-core-9.0.63.jar:9.0.63]
	at org.apache.catalina.core.ApplicationDispatcher.doInclude(ApplicationDispatcher.java:578) ~[tomcat-embed-core-9.0.63.jar:9.0.63]
	at org.apache.catalina.core.ApplicationDispatcher.include(ApplicationDispatcher.java:517) ~[tomcat-embed-core-9.0.63.jar:9.0.63]
	at org.apache.catalina.core.StandardHostValve.custom(StandardHostValve.java:384) [tomcat-embed-core-9.0.63.jar:9.0.63]
	at org.apache.catalina.core.StandardHostValve.status(StandardHostValve.java:249) [tomcat-embed-core-9.0.63.jar:9.0.63]
	at org.apache.catalina.core.StandardHostValve.throwable(StandardHostValve.java:344) [tomcat-embed-core-9.0.63.jar:9.0.63]
	at org.apache.catalina.core.StandardHostValve.invoke(StandardHostValve.java:169) [tomcat-embed-core-9.0.63.jar:9.0.63]
	at org.apache.catalina.valves.ErrorReportValve.invoke(ErrorReportValve.java:92) [tomcat-embed-core-9.0.63.jar:9.0.63]
	at org.apache.catalina.core.StandardEngineValve.invoke(StandardEngineValve.java:78) [tomcat-embed-core-9.0.63.jar:9.0.63]
	at org.apache.catalina.connector.CoyoteAdapter.service(CoyoteAdapter.java:360) [tomcat-embed-core-9.0.63.jar:9.0.63]
	at org.apache.coyote.http11.Http11Processor.service(Http11Processor.java:399) [tomcat-embed-core-9.0.63.jar:9.0.63]
	at org.apache.coyote.AbstractProcessorLight.process(AbstractProcessorLight.java:65) [tomcat-embed-core-9.0.63.jar:9.0.63]
	at org.apache.coyote.AbstractProtocol$ConnectionHandler.process(AbstractProtocol.java:890) [tomcat-embed-core-9.0.63.jar:9.0.63]
	at org.apache.tomcat.util.net.NioEndpoint$SocketProcessor.doRun(NioEndpoint.java:1743) [tomcat-embed-core-9.0.63.jar:9.0.63]
	at org.apache.tomcat.util.net.SocketProcessorBase.run(SocketProcessorBase.java:49) [tomcat-embed-core-9.0.63.jar:9.0.63]
	at org.apache.tomcat.util.threads.ThreadPoolExecutor.runWorker(ThreadPoolExecutor.java:1191) [tomcat-embed-core-9.0.63.jar:9.0.63]
	at org.apache.tomcat.util.threads.ThreadPoolExecutor$Worker.run(ThreadPoolExecutor.java:659) [tomcat-embed-core-9.0.63.jar:9.0.63]
	at org.apache.tomcat.util.threads.TaskThread$WrappingRunnable.run(TaskThread.java:61) [tomcat-embed-core-9.0.63.jar:9.0.63]
	at java.lang.Thread.run(Thread.java:750) [na:1.8.0_371]
Caused by: java.lang.IllegalStateException: getWriter() has already been called for this response
	at org.apache.catalina.connector.Response.getOutputStream(Response.java:550) ~[tomcat-embed-core-9.0.63.jar:9.0.63]
	at org.apache.catalina.connector.ResponseFacade.getOutputStream(ResponseFacade.java:210) ~[tomcat-embed-core-9.0.63.jar:9.0.63]
	at javax.servlet.ServletResponseWrapper.getOutputStream(ServletResponseWrapper.java:105) ~[tomcat-embed-core-9.0.63.jar:4.0.FR]
	at org.springframework.http.server.ServletServerHttpResponse.getBody(ServletServerHttpResponse.java:97) ~[spring-web-5.3.20.jar:5.3.20]
	at org.springframework.http.converter.json.AbstractJackson2HttpMessageConverter.writeInternal(AbstractJackson2HttpMessageConverter.java:424) ~[spring-web-5.3.20.jar:5.3.20]
	at org.springframework.http.converter.AbstractGenericHttpMessageConverter.write(AbstractGenericHttpMessageConverter.java:104) ~[spring-web-5.3.20.jar:5.3.20]
	at org.springframework.web.servlet.mvc.method.annotation.AbstractMessageConverterMethodProcessor.writeWithMessageConverters(AbstractMessageConverterMethodProcessor.java:290) ~[spring-webmvc-5.3.20.jar:5.3.20]
	at org.springframework.web.servlet.mvc.method.annotation.HttpEntityMethodProcessor.handleReturnValue(HttpEntityMethodProcessor.java:219) ~[spring-webmvc-5.3.20.jar:5.3.20]
	at org.springframework.web.method.support.HandlerMethodReturnValueHandlerComposite.handleReturnValue(HandlerMethodReturnValueHandlerComposite.java:78) ~[spring-web-5.3.20.jar:5.3.20]
	at org.springframework.web.servlet.mvc.method.annotation.ServletInvocableHandlerMethod.invokeAndHandle(ServletInvocableHandlerMethod.java:135) ~[spring-webmvc-5.3.20.jar:5.3.20]
	at org.springframework.web.servlet.mvc.method.annotation.RequestMappingHandlerAdapter.invokeHandlerMethod(RequestMappingHandlerAdapter.java:895) ~[spring-webmvc-5.3.20.jar:5.3.20]
	at org.springframework.web.servlet.mvc.method.annotation.RequestMappingHandlerAdapter.handleInternal(RequestMappingHandlerAdapter.java:808) ~[spring-webmvc-5.3.20.jar:5.3.20]
	at org.springframework.web.servlet.mvc.method.AbstractHandlerMethodAdapter.handle(AbstractHandlerMethodAdapter.java:87) ~[spring-webmvc-5.3.20.jar:5.3.20]
	at org.springframework.web.servlet.DispatcherServlet.doDispatch(DispatcherServlet.java:1067) ~[spring-webmvc-5.3.20.jar:5.3.20]
	at org.springframework.web.servlet.DispatcherServlet.doService(DispatcherServlet.java:963) ~[spring-webmvc-5.3.20.jar:5.3.20]
	at org.springframework.web.servlet.FrameworkServlet.processRequest(FrameworkServlet.java:1006) ~[spring-webmvc-5.3.20.jar:5.3.20]
	... 28 common frames omitted

2023-07-11 14:53:46.272  WARN 16068 --- [http-nio-8282-exec-7] com.zaxxer.hikari.pool.PoolBase          : HikariPool-1 - Failed to validate connection com.mysql.cj.jdbc.ConnectionImpl@1e548484 (No operations allowed after connection closed.). Possibly consider using a shorter maxLifetime value.
2023-07-11 14:53:46.274  WARN 16068 --- [http-nio-8282-exec-7] com.zaxxer.hikari.pool.PoolBase          : HikariPool-1 - Failed to validate connection com.mysql.cj.jdbc.ConnectionImpl@17480f77 (No operations allowed after connection closed.). Possibly consider using a shorter maxLifetime value.
2023-07-11 14:53:46.274  WARN 16068 --- [http-nio-8282-exec-7] com.zaxxer.hikari.pool.PoolBase          : HikariPool-1 - Failed to validate connection com.mysql.cj.jdbc.ConnectionImpl@10fa145d (No operations allowed after connection closed.). Possibly consider using a shorter maxLifetime value.
2023-07-11 14:53:46.275  WARN 16068 --- [http-nio-8282-exec-7] com.zaxxer.hikari.pool.PoolBase          : HikariPool-1 - Failed to validate connection com.mysql.cj.jdbc.ConnectionImpl@23813fe0 (No operations allowed after connection closed.). Possibly consider using a shorter maxLifetime value.
2023-07-11 14:53:46.277  WARN 16068 --- [http-nio-8282-exec-7] com.zaxxer.hikari.pool.PoolBase          : HikariPool-1 - Failed to validate connection com.mysql.cj.jdbc.ConnectionImpl@35c481b7 (No operations allowed after connection closed.). Possibly consider using a shorter maxLifetime value.
2023-07-11 14:53:46.278  WARN 16068 --- [http-nio-8282-exec-7] com.zaxxer.hikari.pool.PoolBase          : HikariPool-1 - Failed to validate connection com.mysql.cj.jdbc.ConnectionImpl@62a013cf (No operations allowed after connection closed.). Possibly consider using a shorter maxLifetime value.
2023-07-11 14:53:46.279  WARN 16068 --- [http-nio-8282-exec-7] com.zaxxer.hikari.pool.PoolBase          : HikariPool-1 - Failed to validate connection com.mysql.cj.jdbc.ConnectionImpl@2238ab3a (No operations allowed after connection closed.). Possibly consider using a shorter maxLifetime value.
2023-07-11 14:53:46.281  WARN 16068 --- [http-nio-8282-exec-7] com.zaxxer.hikari.pool.PoolBase          : HikariPool-1 - Failed to validate connection com.mysql.cj.jdbc.ConnectionImpl@8eceea2 (No operations allowed after connection closed.). Possibly consider using a shorter maxLifetime value.
2023-07-11 14:53:46.282  WARN 16068 --- [http-nio-8282-exec-7] com.zaxxer.hikari.pool.PoolBase          : HikariPool-1 - Failed to validate connection com.mysql.cj.jdbc.ConnectionImpl@19b40f31 (No operations allowed after connection closed.). Possibly consider using a shorter maxLifetime value.
2023-07-11 14:53:46.284  WARN 16068 --- [http-nio-8282-exec-7] com.zaxxer.hikari.pool.PoolBase          : HikariPool-1 - Failed to validate connection com.mysql.cj.jdbc.ConnectionImpl@7b6859a3 (No operations allowed after connection closed.). Possibly consider using a shorter maxLifetime value.
2023-07-11 16:46:28.981  INFO 16068 --- [SpringApplicationShutdownHook] com.zaxxer.hikari.HikariDataSource       : HikariPool-1 - Shutdown initiated...
2023-07-11 16:46:28.997  INFO 16068 --- [SpringApplicationShutdownHook] com.zaxxer.hikari.HikariDataSource       : HikariPool-1 - Shutdown completed.
